IDL 8.7.3 (linux x86_64 m64).
(c) 2020, Harris Geospatial Solutions, Inc.

Licensed for use by: Mississippi State University
License: MNT-5521127
A new version is available: IDL 8.8
https://harrisgeospatial.flexnetoperations.com
 
% Compiled module: SPHERHARM_RECUR2.
% Compiled module: $MAIN$.
% Loaded DLM: NCDF.
gzip: ../output/ne120/PSI_n=0537.nc.gz: No such file or directory
gzip: ../output/ne120/Y_n=0538.nc.gz: No such file or directory
gzip: ../output/ne120/PSI_n=0538.nc.gz: No such file or directory
rm: cannot remove ‘../output/ne120/Y_n=0539.nc.gz’: No such file or directory
% Compiled module: REAL_PART.
rm: cannot remove ‘../output/ne120/PSI_n=0539.nc.gz’: No such file or directory
rm: cannot remove ‘../output/ne120/Y_n=0540.nc.gz’: No such file or directory
rm: cannot remove ‘../output/ne120/PSI_n=0540.nc.gz’: No such file or directory
rm: cannot remove ‘../output/ne120/Y_n=0541.nc’: No such file or directory
rm: cannot remove ‘../output/ne120/Y_n=0541.nc.gz’: No such file or directory
rm: cannot remove ‘../output/ne120/PSI_n=0541.nc’: No such file or directory
rm: cannot remove ‘../output/ne120/PSI_n=0541.nc.gz’: No such file or directory
rm: cannot remove ‘../output/ne120/Y_n=0542.nc’: No such file or directory
rm: cannot remove ‘../output/ne120/Y_n=0542.nc.gz’: No such file or directory
rm: cannot remove ‘../output/ne120/PSI_n=0542.nc’: No such file or directory
rm: cannot remove ‘../output/ne120/PSI_n=0542.nc.gz’: No such file or directory
rm: cannot remove ‘../output/ne120/Y_n=0543.nc’: No such file or directory
rm: cannot remove ‘../output/ne120/Y_n=0543.nc.gz’: No such file or directory
rm: cannot remove ‘../output/ne120/PSI_n=0543.nc’: No such file or directory
rm: cannot remove ‘../output/ne120/PSI_n=0543.nc.gz’: No such file or directory
rm: cannot remove ‘../output/ne120/Y_n=0544.nc’: No such file or directory
rm: cannot remove ‘../output/ne120/Y_n=0544.nc.gz’: No such file or directory
rm: cannot remove ‘../output/ne120/PSI_n=0544.nc’: No such file or directory
rm: cannot remove ‘../output/ne120/PSI_n=0544.nc.gz’: No such file or directory
rm: cannot remove ‘../output/ne120/Y_n=0545.nc’: No such file or directory
rm: cannot remove ‘../output/ne120/Y_n=0545.nc.gz’: No such file or directory
rm: cannot remove ‘../output/ne120/PSI_n=0545.nc’: No such file or directory
rm: cannot remove ‘../output/ne120/PSI_n=0545.nc.gz’: No such file or directory
rm: cannot remove ‘../output/ne120/Y_n=0546.nc’: No such file or directory
rm: cannot remove ‘../output/ne120/Y_n=0546.nc.gz’: No such file or directory
rm: cannot remove ‘../output/ne120/PSI_n=0546.nc’: No such file or directory
rm: cannot remove ‘../output/ne120/PSI_n=0546.nc.gz’: No such file or directory
rm: cannot remove ‘../output/ne120/Y_n=0547.nc’: No such file or directory
rm: cannot remove ‘../output/ne120/Y_n=0547.nc.gz’: No such file or directory
rm: cannot remove ‘../output/ne120/PSI_n=0547.nc’: No such file or directory
rm: cannot remove ‘../output/ne120/PSI_n=0547.nc.gz’: No such file or directory
rm: cannot remove ‘../output/ne120/Y_n=0548.nc’: No such file or directory
rm: cannot remove ‘../output/ne120/Y_n=0548.nc.gz’: No such file or directory
rm: cannot remove ‘../output/ne120/PSI_n=0548.nc’: No such file or directory
rm: cannot remove ‘../output/ne120/PSI_n=0548.nc.gz’: No such file or directory
rm: cannot remove ‘../output/ne120/Y_n=0549.nc’: No such file or directory
rm: cannot remove ‘../output/ne120/Y_n=0549.nc.gz’: No such file or directory
rm: cannot remove ‘../output/ne120/PSI_n=0549.nc’: No such file or directory
rm: cannot remove ‘../output/ne120/PSI_n=0549.nc.gz’: No such file or directory
rm: cannot remove ‘../output/ne120/Y_n=0550.nc’: No such file or directory
rm: cannot remove ‘../output/ne120/Y_n=0550.nc.gz’: No such file or directory
rm: cannot remove ‘../output/ne120/PSI_n=0550.nc’: No such file or directory
rm: cannot remove ‘../output/ne120/PSI_n=0550.nc.gz’: No such file or directory
rm: cannot remove ‘../output/ne120/Y_n=0551.nc’: No such file or directory
rm: cannot remove ‘../output/ne120/Y_n=0551.nc.gz’: No such file or directory
rm: cannot remove ‘../output/ne120/PSI_n=0551.nc’: No such file or directory
rm: cannot remove ‘../output/ne120/PSI_n=0551.nc.gz’: No such file or directory
rm: cannot remove ‘../output/ne120/Y_n=0552.nc’: No such file or directory
rm: cannot remove ‘../output/ne120/Y_n=0552.nc.gz’: No such file or directory
rm: cannot remove ‘../output/ne120/PSI_n=0552.nc’: No such file or directory
rm: cannot remove ‘../output/ne120/PSI_n=0552.nc.gz’: No such file or directory
rm: cannot remove ‘../output/ne120/Y_n=0553.nc’: No such file or directory
rm: cannot remove ‘../output/ne120/Y_n=0553.nc.gz’: No such file or directory
rm: cannot remove ‘../output/ne120/PSI_n=0553.nc’: No such file or directory
rm: cannot remove ‘../output/ne120/PSI_n=0553.nc.gz’: No such file or directory
rm: cannot remove ‘../output/ne120/Y_n=0554.nc’: No such file or directory
rm: cannot remove ‘../output/ne120/Y_n=0554.nc.gz’: No such file or directory
rm: cannot remove ‘../output/ne120/PSI_n=0554.nc’: No such file or directory
rm: cannot remove ‘../output/ne120/PSI_n=0554.nc.gz’: No such file or directory
rm: cannot remove ‘../output/ne120/Y_n=0555.nc’: No such file or directory
rm: cannot remove ‘../output/ne120/Y_n=0555.nc.gz’: No such file or directory
rm: cannot remove ‘../output/ne120/PSI_n=0555.nc’: No such file or directory
rm: cannot remove ‘../output/ne120/PSI_n=0555.nc.gz’: No such file or directory
rm: cannot remove ‘../output/ne120/Y_n=0556.nc’: No such file or directory
rm: cannot remove ‘../output/ne120/Y_n=0556.nc.gz’: No such file or directory
rm: cannot remove ‘../output/ne120/PSI_n=0556.nc’: No such file or directory
rm: cannot remove ‘../output/ne120/PSI_n=0556.nc.gz’: No such file or directory
rm: cannot remove ‘../output/ne120/Y_n=0557.nc’: No such file or directory
rm: cannot remove ‘../output/ne120/Y_n=0557.nc.gz’: No such file or directory
rm: cannot remove ‘../output/ne120/PSI_n=0557.nc’: No such file or directory
rm: cannot remove ‘../output/ne120/PSI_n=0557.nc.gz’: No such file or directory
rm: cannot remove ‘../output/ne120/Y_n=0558.nc’: No such file or directory
rm: cannot remove ‘../output/ne120/Y_n=0558.nc.gz’: No such file or directory
rm: cannot remove ‘../output/ne120/PSI_n=0558.nc’: No such file or directory
rm: cannot remove ‘../output/ne120/PSI_n=0558.nc.gz’: No such file or directory
rm: cannot remove ‘../output/ne120/Y_n=0559.nc’: No such file or directory
rm: cannot remove ‘../output/ne120/Y_n=0559.nc.gz’: No such file or directory
rm: cannot remove ‘../output/ne120/PSI_n=0559.nc’: No such file or directory
rm: cannot remove ‘../output/ne120/PSI_n=0559.nc.gz’: No such file or directory
rm: cannot remove ‘../output/ne120/Y_n=0560.nc’: No such file or directory
rm: cannot remove ‘../output/ne120/Y_n=0560.nc.gz’: No such file or directory
rm: cannot remove ‘../output/ne120/PSI_n=0560.nc’: No such file or directory
rm: cannot remove ‘../output/ne120/PSI_n=0560.nc.gz’: No such file or directory
rm: cannot remove ‘../output/ne120/Y_n=0561.nc’: No such file or directory
rm: cannot remove ‘../output/ne120/Y_n=0561.nc.gz’: No such file or directory
rm: cannot remove ‘../output/ne120/PSI_n=0561.nc’: No such file or directory
rm: cannot remove ‘../output/ne120/PSI_n=0561.nc.gz’: No such file or directory
rm: cannot remove ‘../output/ne120/Y_n=0562.nc’: No such file or directory
rm: cannot remove ‘../output/ne120/Y_n=0562.nc.gz’: No such file or directory
rm: cannot remove ‘../output/ne120/PSI_n=0562.nc’: No such file or directory
rm: cannot remove ‘../output/ne120/PSI_n=0562.nc.gz’: No such file or directory
rm: cannot remove ‘../output/ne120/Y_n=0563.nc’: No such file or directory
rm: cannot remove ‘../output/ne120/Y_n=0563.nc.gz’: No such file or directory
rm: cannot remove ‘../output/ne120/PSI_n=0563.nc’: No such file or directory
rm: cannot remove ‘../output/ne120/PSI_n=0563.nc.gz’: No such file or directory
rm: cannot remove ‘../output/ne120/Y_n=0564.nc’: No such file or directory
rm: cannot remove ‘../output/ne120/Y_n=0564.nc.gz’: No such file or directory
rm: cannot remove ‘../output/ne120/PSI_n=0564.nc’: No such file or directory
rm: cannot remove ‘../output/ne120/PSI_n=0564.nc.gz’: No such file or directory
rm: cannot remove ‘../output/ne120/Y_n=0565.nc’: No such file or directory
rm: cannot remove ‘../output/ne120/Y_n=0565.nc.gz’: No such file or directory
rm: cannot remove ‘../output/ne120/PSI_n=0565.nc’: No such file or directory
rm: cannot remove ‘../output/ne120/PSI_n=0565.nc.gz’: No such file or directory
rm: cannot remove ‘../output/ne120/Y_n=0566.nc’: No such file or directory
rm: cannot remove ‘../output/ne120/Y_n=0566.nc.gz’: No such file or directory
rm: cannot remove ‘../output/ne120/PSI_n=0566.nc’: No such file or directory
rm: cannot remove ‘../output/ne120/PSI_n=0566.nc.gz’: No such file or directory
rm: cannot remove ‘../output/ne120/Y_n=0567.nc’: No such file or directory
rm: cannot remove ‘../output/ne120/Y_n=0567.nc.gz’: No such file or directory
rm: cannot remove ‘../output/ne120/PSI_n=0567.nc’: No such file or directory
rm: cannot remove ‘../output/ne120/PSI_n=0567.nc.gz’: No such file or directory
rm: cannot remove ‘../output/ne120/Y_n=0568.nc’: No such file or directory
rm: cannot remove ‘../output/ne120/Y_n=0568.nc.gz’: No such file or directory
rm: cannot remove ‘../output/ne120/PSI_n=0568.nc’: No such file or directory
rm: cannot remove ‘../output/ne120/PSI_n=0568.nc.gz’: No such file or directory
rm: cannot remove ‘../output/ne120/Y_n=0569.nc’: No such file or directory
rm: cannot remove ‘../output/ne120/Y_n=0569.nc.gz’: No such file or directory
rm: cannot remove ‘../output/ne120/PSI_n=0569.nc’: No such file or directory
rm: cannot remove ‘../output/ne120/PSI_n=0569.nc.gz’: No such file or directory
rm: cannot remove ‘../output/ne120/Y_n=0570.nc’: No such file or directory
rm: cannot remove ‘../output/ne120/Y_n=0570.nc.gz’: No such file or directory
rm: cannot remove ‘../output/ne120/PSI_n=0570.nc’: No such file or directory
rm: cannot remove ‘../output/ne120/PSI_n=0570.nc.gz’: No such file or directory
rm: cannot remove ‘../output/ne120/Y_n=0571.nc’: No such file or directory
rm: cannot remove ‘../output/ne120/Y_n=0571.nc.gz’: No such file or directory
rm: cannot remove ‘../output/ne120/PSI_n=0571.nc’: No such file or directory
rm: cannot remove ‘../output/ne120/PSI_n=0571.nc.gz’: No such file or directory
rm: cannot remove ‘../output/ne120/Y_n=0572.nc’: No such file or directory
rm: cannot remove ‘../output/ne120/Y_n=0572.nc.gz’: No such file or directory
rm: cannot remove ‘../output/ne120/PSI_n=0572.nc’: No such file or directory
rm: cannot remove ‘../output/ne120/PSI_n=0572.nc.gz’: No such file or directory
rm: cannot remove ‘../output/ne120/Y_n=0573.nc’: No such file or directory
rm: cannot remove ‘../output/ne120/Y_n=0573.nc.gz’: No such file or directory
rm: cannot remove ‘../output/ne120/PSI_n=0573.nc’: No such file or directory
rm: cannot remove ‘../output/ne120/PSI_n=0573.nc.gz’: No such file or directory
rm: cannot remove ‘../output/ne120/Y_n=0574.nc’: No such file or directory
rm: cannot remove ‘../output/ne120/Y_n=0574.nc.gz’: No such file or directory
rm: cannot remove ‘../output/ne120/PSI_n=0574.nc’: No such file or directory
rm: cannot remove ‘../output/ne120/PSI_n=0574.nc.gz’: No such file or directory
rm: cannot remove ‘../output/ne120/Y_n=0575.nc’: No such file or directory
rm: cannot remove ‘../output/ne120/Y_n=0575.nc.gz’: No such file or directory
rm: cannot remove ‘../output/ne120/PSI_n=0575.nc’: No such file or directory
rm: cannot remove ‘../output/ne120/PSI_n=0575.nc.gz’: No such file or directory
rm: cannot remove ‘../output/ne120/Y_n=0576.nc’: No such file or directory
rm: cannot remove ‘../output/ne120/Y_n=0576.nc.gz’: No such file or directory
rm: cannot remove ‘../output/ne120/PSI_n=0576.nc’: No such file or directory
rm: cannot remove ‘../output/ne120/PSI_n=0576.nc.gz’: No such file or directory
rm: cannot remove ‘../output/ne120/Y_n=0577.nc’: No such file or directory
rm: cannot remove ‘../output/ne120/Y_n=0577.nc.gz’: No such file or directory
rm: cannot remove ‘../output/ne120/PSI_n=0577.nc’: No such file or directory
rm: cannot remove ‘../output/ne120/PSI_n=0577.nc.gz’: No such file or directory
rm: cannot remove ‘../output/ne120/Y_n=0578.nc’: No such file or directory
rm: cannot remove ‘../output/ne120/Y_n=0578.nc.gz’: No such file or directory
rm: cannot remove ‘../output/ne120/PSI_n=0578.nc’: No such file or directory
rm: cannot remove ‘../output/ne120/PSI_n=0578.nc.gz’: No such file or directory
rm: cannot remove ‘../output/ne120/Y_n=0579.nc’: No such file or directory
rm: cannot remove ‘../output/ne120/Y_n=0579.nc.gz’: No such file or directory
rm: cannot remove ‘../output/ne120/PSI_n=0579.nc’: No such file or directory
rm: cannot remove ‘../output/ne120/PSI_n=0579.nc.gz’: No such file or directory
rm: cannot remove ‘../output/ne120/Y_n=0580.nc’: No such file or directory
rm: cannot remove ‘../output/ne120/Y_n=0580.nc.gz’: No such file or directory
rm: cannot remove ‘../output/ne120/PSI_n=0580.nc’: No such file or directory
rm: cannot remove ‘../output/ne120/PSI_n=0580.nc.gz’: No such file or directory
rm: cannot remove ‘../output/ne120/Y_n=0581.nc’: No such file or directory
rm: cannot remove ‘../output/ne120/Y_n=0581.nc.gz’: No such file or directory
rm: cannot remove ‘../output/ne120/PSI_n=0581.nc’: No such file or directory
rm: cannot remove ‘../output/ne120/PSI_n=0581.nc.gz’: No such file or directory
rm: cannot remove ‘../output/ne120/Y_n=0582.nc’: No such file or directory
rm: cannot remove ‘../output/ne120/Y_n=0582.nc.gz’: No such file or directory
rm: cannot remove ‘../output/ne120/PSI_n=0582.nc’: No such file or directory
rm: cannot remove ‘../output/ne120/PSI_n=0582.nc.gz’: No such file or directory
rm: cannot remove ‘../output/ne120/Y_n=0583.nc’: No such file or directory
rm: cannot remove ‘../output/ne120/Y_n=0583.nc.gz’: No such file or directory
rm: cannot remove ‘../output/ne120/PSI_n=0583.nc’: No such file or directory
rm: cannot remove ‘../output/ne120/PSI_n=0583.nc.gz’: No such file or directory
rm: cannot remove ‘../output/ne120/Y_n=0584.nc’: No such file or directory
rm: cannot remove ‘../output/ne120/Y_n=0584.nc.gz’: No such file or directory
rm: cannot remove ‘../output/ne120/PSI_n=0584.nc’: No such file or directory
rm: cannot remove ‘../output/ne120/PSI_n=0584.nc.gz’: No such file or directory
rm: cannot remove ‘../output/ne120/Y_n=0585.nc’: No such file or directory
rm: cannot remove ‘../output/ne120/Y_n=0585.nc.gz’: No such file or directory
rm: cannot remove ‘../output/ne120/PSI_n=0585.nc’: No such file or directory
rm: cannot remove ‘../output/ne120/PSI_n=0585.nc.gz’: No such file or directory
rm: cannot remove ‘../output/ne120/Y_n=0586.nc’: No such file or directory
rm: cannot remove ‘../output/ne120/Y_n=0586.nc.gz’: No such file or directory
rm: cannot remove ‘../output/ne120/PSI_n=0586.nc’: No such file or directory
rm: cannot remove ‘../output/ne120/PSI_n=0586.nc.gz’: No such file or directory
rm: cannot remove ‘../output/ne120/Y_n=0587.nc’: No such file or directory
rm: cannot remove ‘../output/ne120/Y_n=0587.nc.gz’: No such file or directory
rm: cannot remove ‘../output/ne120/PSI_n=0587.nc’: No such file or directory
rm: cannot remove ‘../output/ne120/PSI_n=0587.nc.gz’: No such file or directory
rm: cannot remove ‘../output/ne120/Y_n=0588.nc’: No such file or directory
rm: cannot remove ‘../output/ne120/Y_n=0588.nc.gz’: No such file or directory
rm: cannot remove ‘../output/ne120/PSI_n=0588.nc’: No such file or directory
rm: cannot remove ‘../output/ne120/PSI_n=0588.nc.gz’: No such file or directory
rm: cannot remove ‘../output/ne120/Y_n=0589.nc’: No such file or directory
rm: cannot remove ‘../output/ne120/Y_n=0589.nc.gz’: No such file or directory
rm: cannot remove ‘../output/ne120/PSI_n=0589.nc’: No such file or directory
rm: cannot remove ‘../output/ne120/PSI_n=0589.nc.gz’: No such file or directory
rm: cannot remove ‘../output/ne120/Y_n=0590.nc’: No such file or directory
rm: cannot remove ‘../output/ne120/Y_n=0590.nc.gz’: No such file or directory
rm: cannot remove ‘../output/ne120/PSI_n=0590.nc’: No such file or directory
rm: cannot remove ‘../output/ne120/PSI_n=0590.nc.gz’: No such file or directory
rm: cannot remove ‘../output/ne120/Y_n=0591.nc’: No such file or directory
rm: cannot remove ‘../output/ne120/Y_n=0591.nc.gz’: No such file or directory
rm: cannot remove ‘../output/ne120/PSI_n=0591.nc’: No such file or directory
rm: cannot remove ‘../output/ne120/PSI_n=0591.nc.gz’: No such file or directory
rm: cannot remove ‘../output/ne120/Y_n=0592.nc’: No such file or directory
rm: cannot remove ‘../output/ne120/Y_n=0592.nc.gz’: No such file or directory
rm: cannot remove ‘../output/ne120/PSI_n=0592.nc’: No such file or directory
rm: cannot remove ‘../output/ne120/PSI_n=0592.nc.gz’: No such file or directory
rm: cannot remove ‘../output/ne120/Y_n=0593.nc’: No such file or directory
rm: cannot remove ‘../output/ne120/Y_n=0593.nc.gz’: No such file or directory
rm: cannot remove ‘../output/ne120/PSI_n=0593.nc’: No such file or directory
rm: cannot remove ‘../output/ne120/PSI_n=0593.nc.gz’: No such file or directory
rm: cannot remove ‘../output/ne120/Y_n=0594.nc’: No such file or directory
rm: cannot remove ‘../output/ne120/Y_n=0594.nc.gz’: No such file or directory
rm: cannot remove ‘../output/ne120/PSI_n=0594.nc’: No such file or directory
rm: cannot remove ‘../output/ne120/PSI_n=0594.nc.gz’: No such file or directory
rm: cannot remove ‘../output/ne120/Y_n=0595.nc’: No such file or directory
rm: cannot remove ‘../output/ne120/Y_n=0595.nc.gz’: No such file or directory
rm: cannot remove ‘../output/ne120/PSI_n=0595.nc’: No such file or directory
rm: cannot remove ‘../output/ne120/PSI_n=0595.nc.gz’: No such file or directory
rm: cannot remove ‘../output/ne120/Y_n=0596.nc’: No such file or directory
rm: cannot remove ‘../output/ne120/Y_n=0596.nc.gz’: No such file or directory
rm: cannot remove ‘../output/ne120/PSI_n=0596.nc’: No such file or directory
rm: cannot remove ‘../output/ne120/PSI_n=0596.nc.gz’: No such file or directory
rm: cannot remove ‘../output/ne120/Y_n=0597.nc’: No such file or directory
rm: cannot remove ‘../output/ne120/Y_n=0597.nc.gz’: No such file or directory
rm: cannot remove ‘../output/ne120/PSI_n=0597.nc’: No such file or directory
rm: cannot remove ‘../output/ne120/PSI_n=0597.nc.gz’: No such file or directory
rm: cannot remove ‘../output/ne120/Y_n=0598.nc’: No such file or directory
rm: cannot remove ‘../output/ne120/Y_n=0598.nc.gz’: No such file or directory
rm: cannot remove ‘../output/ne120/PSI_n=0598.nc’: No such file or directory
rm: cannot remove ‘../output/ne120/PSI_n=0598.nc.gz’: No such file or directory
rm: cannot remove ‘../output/ne120/Y_n=0599.nc’: No such file or directory
rm: cannot remove ‘../output/ne120/Y_n=0599.nc.gz’: No such file or directory
rm: cannot remove ‘../output/ne120/PSI_n=0599.nc’: No such file or directory
rm: cannot remove ‘../output/ne120/PSI_n=0599.nc.gz’: No such file or directory
rm: cannot remove ‘../output/ne120/Y_n=0600.nc’: No such file or directory
rm: cannot remove ‘../output/ne120/Y_n=0600.nc.gz’: No such file or directory
rm: cannot remove ‘../output/ne120/PSI_n=0600.nc’: No such file or directory
rm: cannot remove ‘../output/ne120/PSI_n=0600.nc.gz’: No such file or directory
rm: cannot remove ‘../output/ne120/Y_n=0601.nc’: No such file or directory
rm: cannot remove ‘../output/ne120/Y_n=0601.nc.gz’: No such file or directory
rm: cannot remove ‘../output/ne120/PSI_n=0601.nc’: No such file or directory
rm: cannot remove ‘../output/ne120/PSI_n=0601.nc.gz’: No such file or directory
rm: cannot remove ‘../output/ne120/Y_n=0602.nc’: No such file or directory
rm: cannot remove ‘../output/ne120/Y_n=0602.nc.gz’: No such file or directory
rm: cannot remove ‘../output/ne120/PSI_n=0602.nc’: No such file or directory
rm: cannot remove ‘../output/ne120/PSI_n=0602.nc.gz’: No such file or directory
rm: cannot remove ‘../output/ne120/Y_n=0603.nc’: No such file or directory
rm: cannot remove ‘../output/ne120/Y_n=0603.nc.gz’: No such file or directory
rm: cannot remove ‘../output/ne120/PSI_n=0603.nc’: No such file or directory
rm: cannot remove ‘../output/ne120/PSI_n=0603.nc.gz’: No such file or directory
rm: cannot remove ‘../output/ne120/Y_n=0604.nc’: No such file or directory
rm: cannot remove ‘../output/ne120/Y_n=0604.nc.gz’: No such file or directory
rm: cannot remove ‘../output/ne120/PSI_n=0604.nc’: No such file or directory
rm: cannot remove ‘../output/ne120/PSI_n=0604.nc.gz’: No such file or directory
rm: cannot remove ‘../output/ne120/Y_n=0605.nc’: No such file or directory
rm: cannot remove ‘../output/ne120/Y_n=0605.nc.gz’: No such file or directory
rm: cannot remove ‘../output/ne120/PSI_n=0605.nc’: No such file or directory
rm: cannot remove ‘../output/ne120/PSI_n=0605.nc.gz’: No such file or directory
rm: cannot remove ‘../output/ne120/Y_n=0606.nc’: No such file or directory
rm: cannot remove ‘../output/ne120/Y_n=0606.nc.gz’: No such file or directory
rm: cannot remove ‘../output/ne120/PSI_n=0606.nc’: No such file or directory
rm: cannot remove ‘../output/ne120/PSI_n=0606.nc.gz’: No such file or directory
rm: cannot remove ‘../output/ne120/Y_n=0607.nc’: No such file or directory
rm: cannot remove ‘../output/ne120/Y_n=0607.nc.gz’: No such file or directory
rm: cannot remove ‘../output/ne120/PSI_n=0607.nc’: No such file or directory
rm: cannot remove ‘../output/ne120/PSI_n=0607.nc.gz’: No such file or directory
rm: cannot remove ‘../output/ne120/Y_n=0608.nc’: No such file or directory
rm: cannot remove ‘../output/ne120/Y_n=0608.nc.gz’: No such file or directory
rm: cannot remove ‘../output/ne120/PSI_n=0608.nc’: No such file or directory
rm: cannot remove ‘../output/ne120/PSI_n=0608.nc.gz’: No such file or directory
rm: cannot remove ‘../output/ne120/Y_n=0609.nc’: No such file or directory
rm: cannot remove ‘../output/ne120/Y_n=0609.nc.gz’: No such file or directory
rm: cannot remove ‘../output/ne120/PSI_n=0609.nc’: No such file or directory
rm: cannot remove ‘../output/ne120/PSI_n=0609.nc.gz’: No such file or directory
rm: cannot remove ‘../output/ne120/Y_n=0610.nc’: No such file or directory
rm: cannot remove ‘../output/ne120/Y_n=0610.nc.gz’: No such file or directory
rm: cannot remove ‘../output/ne120/PSI_n=0610.nc’: No such file or directory
rm: cannot remove ‘../output/ne120/PSI_n=0610.nc.gz’: No such file or directory
rm: cannot remove ‘../output/ne120/Y_n=0611.nc’: No such file or directory
rm: cannot remove ‘../output/ne120/Y_n=0611.nc.gz’: No such file or directory
rm: cannot remove ‘../output/ne120/PSI_n=0611.nc’: No such file or directory
rm: cannot remove ‘../output/ne120/PSI_n=0611.nc.gz’: No such file or directory
rm: cannot remove ‘../output/ne120/Y_n=0612.nc’: No such file or directory
rm: cannot remove ‘../output/ne120/Y_n=0612.nc.gz’: No such file or directory
rm: cannot remove ‘../output/ne120/PSI_n=0612.nc’: No such file or directory
rm: cannot remove ‘../output/ne120/PSI_n=0612.nc.gz’: No such file or directory
rm: cannot remove ‘../output/ne120/Y_n=0613.nc’: No such file or directory
rm: cannot remove ‘../output/ne120/Y_n=0613.nc.gz’: No such file or directory
rm: cannot remove ‘../output/ne120/PSI_n=0613.nc’: No such file or directory
rm: cannot remove ‘../output/ne120/PSI_n=0613.nc.gz’: No such file or directory
rm: cannot remove ‘../output/ne120/Y_n=0614.nc’: No such file or directory
rm: cannot remove ‘../output/ne120/Y_n=0614.nc.gz’: No such file or directory
rm: cannot remove ‘../output/ne120/PSI_n=0614.nc’: No such file or directory
rm: cannot remove ‘../output/ne120/PSI_n=0614.nc.gz’: No such file or directory
rm: cannot remove ‘../output/ne120/Y_n=0615.nc’: No such file or directory
rm: cannot remove ‘../output/ne120/Y_n=0615.nc.gz’: No such file or directory
rm: cannot remove ‘../output/ne120/PSI_n=0615.nc’: No such file or directory
rm: cannot remove ‘../output/ne120/PSI_n=0615.nc.gz’: No such file or directory
rm: cannot remove ‘../output/ne120/Y_n=0616.nc’: No such file or directory
rm: cannot remove ‘../output/ne120/Y_n=0616.nc.gz’: No such file or directory
rm: cannot remove ‘../output/ne120/PSI_n=0616.nc’: No such file or directory
rm: cannot remove ‘../output/ne120/PSI_n=0616.nc.gz’: No such file or directory
rm: cannot remove ‘../output/ne120/Y_n=0617.nc’: No such file or directory
rm: cannot remove ‘../output/ne120/Y_n=0617.nc.gz’: No such file or directory
rm: cannot remove ‘../output/ne120/PSI_n=0617.nc’: No such file or directory
rm: cannot remove ‘../output/ne120/PSI_n=0617.nc.gz’: No such file or directory
rm: cannot remove ‘../output/ne120/Y_n=0618.nc’: No such file or directory
rm: cannot remove ‘../output/ne120/Y_n=0618.nc.gz’: No such file or directory
rm: cannot remove ‘../output/ne120/PSI_n=0618.nc’: No such file or directory
rm: cannot remove ‘../output/ne120/PSI_n=0618.nc.gz’: No such file or directory
rm: cannot remove ‘../output/ne120/Y_n=0619.nc’: No such file or directory
rm: cannot remove ‘../output/ne120/Y_n=0619.nc.gz’: No such file or directory
rm: cannot remove ‘../output/ne120/PSI_n=0619.nc’: No such file or directory
rm: cannot remove ‘../output/ne120/PSI_n=0619.nc.gz’: No such file or directory
rm: cannot remove ‘../output/ne120/Y_n=0620.nc’: No such file or directory
rm: cannot remove ‘../output/ne120/Y_n=0620.nc.gz’: No such file or directory
rm: cannot remove ‘../output/ne120/PSI_n=0620.nc’: No such file or directory
rm: cannot remove ‘../output/ne120/PSI_n=0620.nc.gz’: No such file or directory
rm: cannot remove ‘../output/ne120/Y_n=0621.nc’: No such file or directory
rm: cannot remove ‘../output/ne120/Y_n=0621.nc.gz’: No such file or directory
rm: cannot remove ‘../output/ne120/PSI_n=0621.nc’: No such file or directory
rm: cannot remove ‘../output/ne120/PSI_n=0621.nc.gz’: No such file or directory
rm: cannot remove ‘../output/ne120/Y_n=0622.nc’: No such file or directory
rm: cannot remove ‘../output/ne120/Y_n=0622.nc.gz’: No such file or directory
rm: cannot remove ‘../output/ne120/PSI_n=0622.nc’: No such file or directory
rm: cannot remove ‘../output/ne120/PSI_n=0622.nc.gz’: No such file or directory
rm: cannot remove ‘../output/ne120/Y_n=0623.nc’: No such file or directory
rm: cannot remove ‘../output/ne120/Y_n=0623.nc.gz’: No such file or directory
rm: cannot remove ‘../output/ne120/PSI_n=0623.nc’: No such file or directory
rm: cannot remove ‘../output/ne120/PSI_n=0623.nc.gz’: No such file or directory
rm: cannot remove ‘../output/ne120/Y_n=0624.nc’: No such file or directory
rm: cannot remove ‘../output/ne120/Y_n=0624.nc.gz’: No such file or directory
rm: cannot remove ‘../output/ne120/PSI_n=0624.nc’: No such file or directory
rm: cannot remove ‘../output/ne120/PSI_n=0624.nc.gz’: No such file or directory
rm: cannot remove ‘../output/ne120/Y_n=0625.nc’: No such file or directory
rm: cannot remove ‘../output/ne120/Y_n=0625.nc.gz’: No such file or directory
rm: cannot remove ‘../output/ne120/PSI_n=0625.nc’: No such file or directory
rm: cannot remove ‘../output/ne120/PSI_n=0625.nc.gz’: No such file or directory
rm: cannot remove ‘../output/ne120/Y_n=0626.nc’: No such file or directory
rm: cannot remove ‘../output/ne120/Y_n=0626.nc.gz’: No such file or directory
rm: cannot remove ‘../output/ne120/PSI_n=0626.nc’: No such file or directory
rm: cannot remove ‘../output/ne120/PSI_n=0626.nc.gz’: No such file or directory
rm: cannot remove ‘../output/ne120/Y_n=0627.nc’: No such file or directory
rm: cannot remove ‘../output/ne120/Y_n=0627.nc.gz’: No such file or directory
rm: cannot remove ‘../output/ne120/PSI_n=0627.nc’: No such file or directory
rm: cannot remove ‘../output/ne120/PSI_n=0627.nc.gz’: No such file or directory
rm: cannot remove ‘../output/ne120/Y_n=0628.nc’: No such file or directory
rm: cannot remove ‘../output/ne120/Y_n=0628.nc.gz’: No such file or directory
rm: cannot remove ‘../output/ne120/PSI_n=0628.nc’: No such file or directory
rm: cannot remove ‘../output/ne120/PSI_n=0628.nc.gz’: No such file or directory
rm: cannot remove ‘../output/ne120/Y_n=0629.nc’: No such file or directory
rm: cannot remove ‘../output/ne120/Y_n=0629.nc.gz’: No such file or directory
rm: cannot remove ‘../output/ne120/PSI_n=0629.nc’: No such file or directory
rm: cannot remove ‘../output/ne120/PSI_n=0629.nc.gz’: No such file or directory
rm: cannot remove ‘../output/ne120/Y_n=0630.nc’: No such file or directory
rm: cannot remove ‘../output/ne120/Y_n=0630.nc.gz’: No such file or directory
rm: cannot remove ‘../output/ne120/PSI_n=0630.nc’: No such file or directory
rm: cannot remove ‘../output/ne120/PSI_n=0630.nc.gz’: No such file or directory
rm: cannot remove ‘../output/ne120/Y_n=0631.nc’: No such file or directory
rm: cannot remove ‘../output/ne120/Y_n=0631.nc.gz’: No such file or directory
rm: cannot remove ‘../output/ne120/PSI_n=0631.nc’: No such file or directory
rm: cannot remove ‘../output/ne120/PSI_n=0631.nc.gz’: No such file or directory
rm: cannot remove ‘../output/ne120/Y_n=0632.nc’: No such file or directory
rm: cannot remove ‘../output/ne120/Y_n=0632.nc.gz’: No such file or directory
rm: cannot remove ‘../output/ne120/PSI_n=0632.nc’: No such file or directory
rm: cannot remove ‘../output/ne120/PSI_n=0632.nc.gz’: No such file or directory
rm: cannot remove ‘../output/ne120/Y_n=0633.nc’: No such file or directory
rm: cannot remove ‘../output/ne120/Y_n=0633.nc.gz’: No such file or directory
rm: cannot remove ‘../output/ne120/PSI_n=0633.nc’: No such file or directory
rm: cannot remove ‘../output/ne120/PSI_n=0633.nc.gz’: No such file or directory
rm: cannot remove ‘../output/ne120/Y_n=0634.nc’: No such file or directory
rm: cannot remove ‘../output/ne120/Y_n=0634.nc.gz’: No such file or directory
rm: cannot remove ‘../output/ne120/PSI_n=0634.nc’: No such file or directory
rm: cannot remove ‘../output/ne120/PSI_n=0634.nc.gz’: No such file or directory
rm: cannot remove ‘../output/ne120/Y_n=0635.nc’: No such file or directory
rm: cannot remove ‘../output/ne120/Y_n=0635.nc.gz’: No such file or directory
rm: cannot remove ‘../output/ne120/PSI_n=0635.nc’: No such file or directory
rm: cannot remove ‘../output/ne120/PSI_n=0635.nc.gz’: No such file or directory
rm: cannot remove ‘../output/ne120/Y_n=0636.nc’: No such file or directory
rm: cannot remove ‘../output/ne120/Y_n=0636.nc.gz’: No such file or directory
rm: cannot remove ‘../output/ne120/PSI_n=0636.nc’: No such file or directory
rm: cannot remove ‘../output/ne120/PSI_n=0636.nc.gz’: No such file or directory
rm: cannot remove ‘../output/ne120/Y_n=0637.nc’: No such file or directory
rm: cannot remove ‘../output/ne120/Y_n=0637.nc.gz’: No such file or directory
rm: cannot remove ‘../output/ne120/PSI_n=0637.nc’: No such file or directory
rm: cannot remove ‘../output/ne120/PSI_n=0637.nc.gz’: No such file or directory
rm: cannot remove ‘../output/ne120/Y_n=0638.nc’: No such file or directory
rm: cannot remove ‘../output/ne120/Y_n=0638.nc.gz’: No such file or directory
rm: cannot remove ‘../output/ne120/PSI_n=0638.nc’: No such file or directory
rm: cannot remove ‘../output/ne120/PSI_n=0638.nc.gz’: No such file or directory
rm: cannot remove ‘../output/ne120/Y_n=0639.nc’: No such file or directory
rm: cannot remove ‘../output/ne120/Y_n=0639.nc.gz’: No such file or directory
rm: cannot remove ‘../output/ne120/PSI_n=0639.nc’: No such file or directory
rm: cannot remove ‘../output/ne120/PSI_n=0639.nc.gz’: No such file or directory
rm: cannot remove ‘../output/ne120/Y_n=0640.nc’: No such file or directory
rm: cannot remove ‘../output/ne120/Y_n=0640.nc.gz’: No such file or directory
rm: cannot remove ‘../output/ne120/PSI_n=0640.nc’: No such file or directory
rm: cannot remove ‘../output/ne120/PSI_n=0640.nc.gz’: No such file or directory
rm: cannot remove ‘../output/ne120/Y_n=0641.nc’: No such file or directory
rm: cannot remove ‘../output/ne120/Y_n=0641.nc.gz’: No such file or directory
rm: cannot remove ‘../output/ne120/PSI_n=0641.nc’: No such file or directory
rm: cannot remove ‘../output/ne120/PSI_n=0641.nc.gz’: No such file or directory
rm: cannot remove ‘../output/ne120/Y_n=0642.nc’: No such file or directory
rm: cannot remove ‘../output/ne120/Y_n=0642.nc.gz’: No such file or directory
rm: cannot remove ‘../output/ne120/PSI_n=0642.nc’: No such file or directory
rm: cannot remove ‘../output/ne120/PSI_n=0642.nc.gz’: No such file or directory
rm: cannot remove ‘../output/ne120/Y_n=0643.nc’: No such file or directory
rm: cannot remove ‘../output/ne120/Y_n=0643.nc.gz’: No such file or directory
rm: cannot remove ‘../output/ne120/PSI_n=0643.nc’: No such file or directory
rm: cannot remove ‘../output/ne120/PSI_n=0643.nc.gz’: No such file or directory
rm: cannot remove ‘../output/ne120/Y_n=0644.nc’: No such file or directory
rm: cannot remove ‘../output/ne120/Y_n=0644.nc.gz’: No such file or directory
rm: cannot remove ‘../output/ne120/PSI_n=0644.nc’: No such file or directory
rm: cannot remove ‘../output/ne120/PSI_n=0644.nc.gz’: No such file or directory
rm: cannot remove ‘../output/ne120/Y_n=0645.nc’: No such file or directory
rm: cannot remove ‘../output/ne120/Y_n=0645.nc.gz’: No such file or directory
rm: cannot remove ‘../output/ne120/PSI_n=0645.nc’: No such file or directory
rm: cannot remove ‘../output/ne120/PSI_n=0645.nc.gz’: No such file or directory
rm: cannot remove ‘../output/ne120/Y_n=0646.nc’: No such file or directory
rm: cannot remove ‘../output/ne120/Y_n=0646.nc.gz’: No such file or directory
rm: cannot remove ‘../output/ne120/PSI_n=0646.nc’: No such file or directory
rm: cannot remove ‘../output/ne120/PSI_n=0646.nc.gz’: No such file or directory
rm: cannot remove ‘../output/ne120/Y_n=0647.nc’: No such file or directory
rm: cannot remove ‘../output/ne120/Y_n=0647.nc.gz’: No such file or directory
rm: cannot remove ‘../output/ne120/PSI_n=0647.nc’: No such file or directory
rm: cannot remove ‘../output/ne120/PSI_n=0647.nc.gz’: No such file or directory
rm: cannot remove ‘../output/ne120/Y_n=0648.nc’: No such file or directory
rm: cannot remove ‘../output/ne120/Y_n=0648.nc.gz’: No such file or directory
rm: cannot remove ‘../output/ne120/PSI_n=0648.nc’: No such file or directory
rm: cannot remove ‘../output/ne120/PSI_n=0648.nc.gz’: No such file or directory
rm: cannot remove ‘../output/ne120/Y_n=0649.nc’: No such file or directory
rm: cannot remove ‘../output/ne120/Y_n=0649.nc.gz’: No such file or directory
rm: cannot remove ‘../output/ne120/PSI_n=0649.nc’: No such file or directory
rm: cannot remove ‘../output/ne120/PSI_n=0649.nc.gz’: No such file or directory
rm: cannot remove ‘../output/ne120/Y_n=0650.nc’: No such file or directory
rm: cannot remove ‘../output/ne120/Y_n=0650.nc.gz’: No such file or directory
rm: cannot remove ‘../output/ne120/PSI_n=0650.nc’: No such file or directory
rm: cannot remove ‘../output/ne120/PSI_n=0650.nc.gz’: No such file or directory
rm: cannot remove ‘../output/ne120/Y_n=0651.nc’: No such file or directory
rm: cannot remove ‘../output/ne120/Y_n=0651.nc.gz’: No such file or directory
rm: cannot remove ‘../output/ne120/PSI_n=0651.nc’: No such file or directory
rm: cannot remove ‘../output/ne120/PSI_n=0651.nc.gz’: No such file or directory
rm: cannot remove ‘../output/ne120/Y_n=0652.nc’: No such file or directory
rm: cannot remove ‘../output/ne120/Y_n=0652.nc.gz’: No such file or directory
rm: cannot remove ‘../output/ne120/PSI_n=0652.nc’: No such file or directory
rm: cannot remove ‘../output/ne120/PSI_n=0652.nc.gz’: No such file or directory
rm: cannot remove ‘../output/ne120/Y_n=0653.nc’: No such file or directory
rm: cannot remove ‘../output/ne120/Y_n=0653.nc.gz’: No such file or directory
rm: cannot remove ‘../output/ne120/PSI_n=0653.nc’: No such file or directory
rm: cannot remove ‘../output/ne120/PSI_n=0653.nc.gz’: No such file or directory
rm: cannot remove ‘../output/ne120/Y_n=0654.nc’: No such file or directory
rm: cannot remove ‘../output/ne120/Y_n=0654.nc.gz’: No such file or directory
rm: cannot remove ‘../output/ne120/PSI_n=0654.nc’: No such file or directory
rm: cannot remove ‘../output/ne120/PSI_n=0654.nc.gz’: No such file or directory
rm: cannot remove ‘../output/ne120/Y_n=0655.nc’: No such file or directory
rm: cannot remove ‘../output/ne120/Y_n=0655.nc.gz’: No such file or directory
rm: cannot remove ‘../output/ne120/PSI_n=0655.nc’: No such file or directory
rm: cannot remove ‘../output/ne120/PSI_n=0655.nc.gz’: No such file or directory
rm: cannot remove ‘../output/ne120/Y_n=0656.nc’: No such file or directory
rm: cannot remove ‘../output/ne120/Y_n=0656.nc.gz’: No such file or directory
rm: cannot remove ‘../output/ne120/PSI_n=0656.nc’: No such file or directory
rm: cannot remove ‘../output/ne120/PSI_n=0656.nc.gz’: No such file or directory
rm: cannot remove ‘../output/ne120/Y_n=0657.nc’: No such file or directory
rm: cannot remove ‘../output/ne120/Y_n=0657.nc.gz’: No such file or directory
rm: cannot remove ‘../output/ne120/PSI_n=0657.nc’: No such file or directory
rm: cannot remove ‘../output/ne120/PSI_n=0657.nc.gz’: No such file or directory
rm: cannot remove ‘../output/ne120/Y_n=0658.nc’: No such file or directory
rm: cannot remove ‘../output/ne120/Y_n=0658.nc.gz’: No such file or directory
rm: cannot remove ‘../output/ne120/PSI_n=0658.nc’: No such file or directory
rm: cannot remove ‘../output/ne120/PSI_n=0658.nc.gz’: No such file or directory
slurmstepd: error: *** JOB 2812158 ON Orion-01-05 CANCELLED AT 2021-08-14T15:42:09 DUE TO TIME LIMIT ***
